0 info it worked if it ends with ok
1 verbose cli [ '/usr/local/bin/node',
1 verbose cli   '/usr/local/bin/npm',
1 verbose cli   'install',
1 verbose cli   '-g',
1 verbose cli   'typescript' ]
2 info using npm@3.10.8
3 info using node@v6.8.1
4 silly loadCurrentTree Starting
5 silly install loadCurrentTree
6 silly install readGlobalPackageData
7 silly fetchPackageMetaData typescript
8 silly fetchNamedPackageData typescript
9 silly mapToRegistry name typescript
10 silly mapToRegistry using default registry
11 silly mapToRegistry registry https://registry.npmjs.org/
12 silly mapToRegistry data Result {
12 silly mapToRegistry   raw: 'typescript',
12 silly mapToRegistry   scope: null,
12 silly mapToRegistry   escapedName: 'typescript',
12 silly mapToRegistry   name: 'typescript',
12 silly mapToRegistry   rawSpec: '',
12 silly mapToRegistry   spec: 'latest',
12 silly mapToRegistry   type: 'tag' }
13 silly mapToRegistry uri https://registry.npmjs.org/typescript
14 verbose request uri https://registry.npmjs.org/typescript
15 verbose request no auth needed
16 info attempt registry request try #1 at 11:28:39 AM
17 verbose request id 37065cc0e43e73cd
18 verbose etag W/"dcbe0198e3e6153128a21546f10f0b2c"
19 verbose lastModified Tue, 24 Sep 2019 06:17:09 GMT
20 http request GET https://registry.npmjs.org/typescript
21 http 304 https://registry.npmjs.org/typescript
22 verbose headers { date: 'Wed, 25 Sep 2019 05:58:39 GMT',
22 verbose headers   connection: 'keep-alive',
22 verbose headers   'set-cookie': [ '__cfduid=d30ddadf1438159343062ae1c9268aebe1569391119; expires=Thu, 24-Sep-20 05:58:39 GMT; path=/; domain=.npmjs.org; HttpOnly' ],
22 verbose headers   'cf-cache-status': 'HIT',
22 verbose headers   'cache-control': 'max-age=300',
22 verbose headers   'cf-ray': '51bac47edbf7df3e-BOM',
22 verbose headers   age: '5739',
22 verbose headers   etag: '"dcbe0198e3e6153128a21546f10f0b2c"',
22 verbose headers   'expect-ct': 'max-age=604800, report-uri="https://report-uri.cloudflare.com/cdn-cgi/beacon/expect-ct"',
22 verbose headers   'last-modified': 'Tue, 24 Sep 2019 06:17:09 GMT',
22 verbose headers   vary: 'accept-encoding, accept',
22 verbose headers   'x-amz-meta-rev': '1736-a5a1dac046e31acf4a1a7a2af5964c04',
22 verbose headers   server: 'cloudflare' }
23 silly get cb [ 304,
23 silly get   { date: 'Wed, 25 Sep 2019 05:58:39 GMT',
23 silly get     connection: 'keep-alive',
23 silly get     'set-cookie': [ '__cfduid=d30ddadf1438159343062ae1c9268aebe1569391119; expires=Thu, 24-Sep-20 05:58:39 GMT; path=/; domain=.npmjs.org; HttpOnly' ],
23 silly get     'cf-cache-status': 'HIT',
23 silly get     'cache-control': 'max-age=300',
23 silly get     'cf-ray': '51bac47edbf7df3e-BOM',
23 silly get     age: '5739',
23 silly get     etag: '"dcbe0198e3e6153128a21546f10f0b2c"',
23 silly get     'expect-ct': 'max-age=604800, report-uri="https://report-uri.cloudflare.com/cdn-cgi/beacon/expect-ct"',
23 silly get     'last-modified': 'Tue, 24 Sep 2019 06:17:09 GMT',
23 silly get     vary: 'accept-encoding, accept',
23 silly get     'x-amz-meta-rev': '1736-a5a1dac046e31acf4a1a7a2af5964c04',
23 silly get     server: 'cloudflare' } ]
24 verbose etag https://registry.npmjs.org/typescript from cache
25 verbose get saving typescript to /home/prabhatd/.npm/registry.npmjs.org/typescript/.cache.json
26 verbose correctMkdir /home/prabhatd/.npm correctMkdir not in flight; initializing
27 silly install normalizeTree
28 silly loadCurrentTree Finishing
29 silly loadIdealTree Starting
30 silly install loadIdealTree
31 silly cloneCurrentTree Starting
32 silly install cloneCurrentTreeToIdealTree
33 silly cloneCurrentTree Finishing
34 silly loadShrinkwrap Starting
35 silly install loadShrinkwrap
36 silly loadShrinkwrap Finishing
37 silly loadAllDepsIntoIdealTree Starting
38 silly install loadAllDepsIntoIdealTree
39 silly resolveWithNewModule typescript@3.6.3 checking installable status
40 silly cache add args [ 'typescript', null ]
41 verbose cache add spec typescript
42 silly cache add parsed spec Result {
42 silly cache add   raw: 'typescript',
42 silly cache add   scope: null,
42 silly cache add   escapedName: 'typescript',
42 silly cache add   name: 'typescript',
42 silly cache add   rawSpec: '',
42 silly cache add   spec: 'latest',
42 silly cache add   type: 'tag' }
43 silly addNamed typescript@latest
44 verbose addNamed "latest" is being treated as a dist-tag for typescript
45 info addNameTag [ 'typescript', 'latest' ]
46 silly mapToRegistry name typescript
47 silly mapToRegistry using default registry
48 silly mapToRegistry registry https://registry.npmjs.org/
49 silly mapToRegistry data Result {
49 silly mapToRegistry   raw: 'typescript',
49 silly mapToRegistry   scope: null,
49 silly mapToRegistry   escapedName: 'typescript',
49 silly mapToRegistry   name: 'typescript',
49 silly mapToRegistry   rawSpec: '',
49 silly mapToRegistry   spec: 'latest',
49 silly mapToRegistry   type: 'tag' }
50 silly mapToRegistry uri https://registry.npmjs.org/typescript
51 verbose addNameTag registry:https://registry.npmjs.org/typescript not in flight; fetching
52 verbose get https://registry.npmjs.org/typescript not expired, no request
53 silly addNameTag next cb for typescript with tag latest
54 silly addNamed typescript@3.6.3
55 verbose addNamed "3.6.3" is a plain semver version for typescript
56 silly cache afterAdd typescript@3.6.3
57 verbose afterAdd /home/prabhatd/.npm/typescript/3.6.3/package/package.json not in flight; writing
58 verbose correctMkdir /home/prabhatd/.npm correctMkdir not in flight; initializing
59 verbose afterAdd /home/prabhatd/.npm/typescript/3.6.3/package/package.json written
60 silly loadAllDepsIntoIdealTree Finishing
61 silly loadIdealTree Finishing
62 silly currentTree lib
62 silly currentTree `-- typescript@3.5.3
63 silly idealTree lib
63 silly idealTree `-- typescript@3.6.3
64 silly generateActionsToTake Starting
65 silly install generateActionsToTake
66 warn checkPermissions Missing write access to /usr/local/lib/node_modules/typescript
67 silly rollbackFailedOptional Starting
68 silly rollbackFailedOptional Finishing
69 silly runTopLevelLifecycles Finishing
70 silly install printInstalled
71 verbose stack Error: EACCES: permission denied, access '/usr/local/lib/node_modules/typescript'
71 verbose stack     at Error (native)
72 verbose cwd /home/prabhatd/Desktop/Prabhat Android Learning/TypescriptLearning/secondTypeScript
73 error Linux 4.15.0-64-generic
74 error argv "/usr/local/bin/node" "/usr/local/bin/npm" "install" "-g" "typescript"
75 error node v6.8.1
76 error npm  v3.10.8
77 error path /usr/local/lib/node_modules/typescript
78 error code EACCES
79 error errno -13
80 error syscall access
81 error Error: EACCES: permission denied, access '/usr/local/lib/node_modules/typescript'
81 error     at Error (native)
81 error  { Error: EACCES: permission denied, access '/usr/local/lib/node_modules/typescript'
81 error     at Error (native)
81 error   errno: -13,
81 error   code: 'EACCES',
81 error   syscall: 'access',
81 error   path: '/usr/local/lib/node_modules/typescript' }
82 error Please try running this command again as root/Administrator.
83 verbose exit [ -13, true ]
